/home/choin/rokey_ws/src/rokey_pjt/install/rokey_pjt/lib/python3.10/site-packages/rokey_pjt/3_tb4_yolo_bbox_depth_checker.py
/home/choin/rokey_ws/src/rokey_pjt/install/rokey_pjt/lib/python3.10/site-packages/rokey_pjt/__init__.py
/home/choin/rokey_ws/src/rokey_pjt/install/rokey_pjt/lib/python3.10/site-packages/rokey_pjt/tf_point_transform.py
/home/choin/rokey_ws/src/rokey_pjt/install/rokey_pjt/lib/python3.10/site-packages/rokey_pjt/yolo_depth_tf.py
/home/choin/rokey_ws/src/rokey_pjt/install/rokey_pjt/lib/python3.10/site-packages/rokey_pjt/depth_checker.py
/home/choin/rokey_ws/src/rokey_pjt/install/rokey_pjt/lib/python3.10/site-packages/rokey_pjt/yolo_depth_tf_rviz.py
/home/choin/rokey_ws/src/rokey_pjt/install/rokey_pjt/lib/python3.10/site-packages/rokey_pjt/3_tb4_yolov8_obj_det.py
/home/choin/rokey_ws/src/rokey_pjt/install/rokey_pjt/lib/python3.10/site-packages/rokey_pjt/depth_checker_mouse_click.py
/home/choin/rokey_ws/src/rokey_pjt/install/rokey_pjt/lib/python3.10/site-packages/rokey_pjt/4_tb4_yolov8_obj_det_thread.py
/home/choin/rokey_ws/src/rokey_pjt/install/rokey_pjt/lib/python3.10/site-packages/rokey_pjt/5_tb4_yolov8_obj_det_track.py
/home/choin/rokey_ws/src/rokey_pjt/install/rokey_pjt/lib/python3.10/site-packages/rokey_pjt/__pycache__/3_tb4_yolo_bbox_depth_checker.cpython-310.pyc
/home/choin/rokey_ws/src/rokey_pjt/install/rokey_pjt/lib/python3.10/site-packages/rokey_pjt/__pycache__/__init__.cpython-310.pyc
/home/choin/rokey_ws/src/rokey_pjt/install/rokey_pjt/lib/python3.10/site-packages/rokey_pjt/__pycache__/tf_point_transform.cpython-310.pyc
/home/choin/rokey_ws/src/rokey_pjt/install/rokey_pjt/lib/python3.10/site-packages/rokey_pjt/__pycache__/yolo_depth_tf.cpython-310.pyc
/home/choin/rokey_ws/src/rokey_pjt/install/rokey_pjt/lib/python3.10/site-packages/rokey_pjt/__pycache__/depth_checker.cpython-310.pyc
/home/choin/rokey_ws/src/rokey_pjt/install/rokey_pjt/lib/python3.10/site-packages/rokey_pjt/__pycache__/yolo_depth_tf_rviz.cpython-310.pyc
/home/choin/rokey_ws/src/rokey_pjt/install/rokey_pjt/lib/python3.10/site-packages/rokey_pjt/__pycache__/3_tb4_yolov8_obj_det.cpython-310.pyc
/home/choin/rokey_ws/src/rokey_pjt/install/rokey_pjt/lib/python3.10/site-packages/rokey_pjt/__pycache__/depth_checker_mouse_click.cpython-310.pyc
/home/choin/rokey_ws/src/rokey_pjt/install/rokey_pjt/lib/python3.10/site-packages/rokey_pjt/__pycache__/4_tb4_yolov8_obj_det_thread.cpython-310.pyc
/home/choin/rokey_ws/src/rokey_pjt/install/rokey_pjt/lib/python3.10/site-packages/rokey_pjt/__pycache__/5_tb4_yolov8_obj_det_track.cpython-310.pyc
/home/choin/rokey_ws/src/rokey_pjt/install/rokey_pjt/share/ament_index/resource_index/packages/rokey_pjt
/home/choin/rokey_ws/src/rokey_pjt/install/rokey_pjt/share/rokey_pjt/package.xml
/home/choin/rokey_ws/src/rokey_pjt/install/rokey_pjt/lib/python3.10/site-packages/rokey_pjt-0.0.0-py3.10.egg-info/top_level.txt
/home/choin/rokey_ws/src/rokey_pjt/install/rokey_pjt/lib/python3.10/site-packages/rokey_pjt-0.0.0-py3.10.egg-info/zip-safe
/home/choin/rokey_ws/src/rokey_pjt/install/rokey_pjt/lib/python3.10/site-packages/rokey_pjt-0.0.0-py3.10.egg-info/PKG-INFO
/home/choin/rokey_ws/src/rokey_pjt/install/rokey_pjt/lib/python3.10/site-packages/rokey_pjt-0.0.0-py3.10.egg-info/entry_points.txt
/home/choin/rokey_ws/src/rokey_pjt/install/rokey_pjt/lib/python3.10/site-packages/rokey_pjt-0.0.0-py3.10.egg-info/dependency_links.txt
/home/choin/rokey_ws/src/rokey_pjt/install/rokey_pjt/lib/python3.10/site-packages/rokey_pjt-0.0.0-py3.10.egg-info/requires.txt
/home/choin/rokey_ws/src/rokey_pjt/install/rokey_pjt/lib/python3.10/site-packages/rokey_pjt-0.0.0-py3.10.egg-info/SOURCES.txt
